2025-08-15T14:51:03.265+05:30  INFO 20332 --- [main] c.i.e.w.h.BeanShellRunnerApplication     : Starting BeanShellRunnerApplication using Java 17.0.16 with PID 20332 (D:\isc-extended-workflow-helper\beanshell-runner\target\beanshell-runner-1.0.0.jar started by user in D:\isc-extended-workflow-helper\beanshell-runner)
2025-08-15T14:51:03.272+05:30  INFO 20332 --- [main] c.i.e.w.h.BeanShellRunnerApplication     : No active profile set, falling back to 1 default profile: "default"
2025-08-15T14:51:04.733+05:30  INFO 20332 --- [main] o.s.b.w.embedded.tomcat.TomcatWebServer  : Tomcat initialized with port 8080 (http)
2025-08-15T14:51:04.747+05:30  INFO 20332 --- [main] o.apache.catalina.core.StandardService   : Starting service [Tomcat]
2025-08-15T14:51:04.757+05:30  INFO 20332 --- [main] o.apache.catalina.core.StandardEngine    : Starting Servlet engine: [Apache Tomcat/10.1.26]
2025-08-15T14:51:04.811+05:30  INFO 20332 --- [main] o.a.c.c.C.[Tomcat].[localhost].[/]       : Initializing Spring embedded WebApplicationContext
2025-08-15T14:51:04.811+05:30  INFO 20332 --- [main] w.s.c.ServletWebServerApplicationContext : Root WebApplicationContext: initialization completed in 1418 ms
2025-08-15T14:51:05.297+05:30  INFO 20332 --- [main] o.s.b.w.embedded.tomcat.TomcatWebServer  : Tomcat started on port 8080 (http) with context path '/'
2025-08-15T14:51:05.319+05:30  INFO 20332 --- [main] c.i.e.w.h.BeanShellRunnerApplication     : Started BeanShellRunnerApplication in 2.89 seconds (process running for 3.539)
2025-08-15T14:51:06.874+05:30  INFO 20332 --- [http-nio-8080-exec-1] o.a.c.c.C.[Tomcat].[localhost].[/]       : Initializing Spring DispatcherServlet 'dispatcherServlet'
2025-08-15T14:51:06.874+05:30  INFO 20332 --- [http-nio-8080-exec-1] o.s.web.servlet.DispatcherServlet        : Initializing Servlet 'dispatcherServlet'
2025-08-15T14:51:06.880+05:30  INFO 20332 --- [http-nio-8080-exec-1] o.s.web.servlet.DispatcherServlet        : Completed initialization in 0 ms
2025-08-15T14:54:07.721+05:30  INFO 15508 --- [main] c.i.e.w.h.BeanShellRunnerApplication     : Starting BeanShellRunnerApplication using Java 17.0.16 with PID 15508 (D:\isc-extended-workflow-helper\beanshell-runner\target\classes started by user in D:\isc-extended-workflow-helper\beanshell-runner)
2025-08-15T14:54:07.724+05:30  INFO 15508 --- [main] c.i.e.w.h.BeanShellRunnerApplication     : No active profile set, falling back to 1 default profile: "default"
2025-08-15T14:54:08.651+05:30  INFO 15508 --- [main] o.s.b.w.embedded.tomcat.TomcatWebServer  : Tomcat initialized with port 8080 (http)
2025-08-15T14:54:08.668+05:30  INFO 15508 --- [main] o.apache.catalina.core.StandardService   : Starting service [Tomcat]
2025-08-15T14:54:08.668+05:30  INFO 15508 --- [main] o.apache.catalina.core.StandardEngine    : Starting Servlet engine: [Apache Tomcat/10.1.26]
2025-08-15T14:54:08.737+05:30  INFO 15508 --- [main] o.a.c.c.C.[Tomcat].[localhost].[/]       : Initializing Spring embedded WebApplicationContext
2025-08-15T14:54:08.737+05:30  INFO 15508 --- [main] w.s.c.ServletWebServerApplicationContext : Root WebApplicationContext: initialization completed in 964 ms
2025-08-15T14:54:09.101+05:30  INFO 15508 --- [main] o.s.b.w.embedded.tomcat.TomcatWebServer  : Tomcat started on port 8080 (http) with context path '/'
2025-08-15T14:54:09.112+05:30  INFO 15508 --- [main] c.i.e.w.h.BeanShellRunnerApplication     : Started BeanShellRunnerApplication in 1.856 seconds (process running for 2.211)
2025-08-15T14:54:11.930+05:30  INFO 15508 --- [http-nio-8080-exec-2] o.a.c.c.C.[Tomcat].[localhost].[/]       : Initializing Spring DispatcherServlet 'dispatcherServlet'
2025-08-15T14:54:11.930+05:30  INFO 15508 --- [http-nio-8080-exec-2] o.s.web.servlet.DispatcherServlet        : Initializing Servlet 'dispatcherServlet'
2025-08-15T14:54:11.930+05:30  INFO 15508 --- [http-nio-8080-exec-2] o.s.web.servlet.DispatcherServlet        : Completed initialization in 0 ms
